<?xml version="1.0" encoding="UTF-8"?>
<!-- Generated by org.testng.reporters.JUnitXMLReporter -->
<testsuite hostname="Rajeshs-MacBook-Pro.local" ignored="2" tests="1" failures="1" timestamp="2020-05-17T10:38:34 IST" time="13.887" errors="0">
  <testcase name="verifyUserIsAdded" time="6.324" classname="HomePageTest">
    <failure type="org.openqa.selenium.NoSuchSessionException" message="A session is either terminated or not started
Build info: version: &amp;apos;3.141.59&amp;apos;, revision: &amp;apos;e82be7d358&amp;apos;, time: &amp;apos;2018-11-14T08:17:03&amp;apos;
System info: host: &amp;apos;Rajeshs-MacBook-Pro.local&amp;apos;, ip: &amp;apos;fe80:0:0:0:141e:5fc4:4689:6d78%en0&amp;apos;, os.name: &amp;apos;Mac OS X&amp;apos;, os.arch: &amp;apos;x86_64&amp;apos;, os.version: &amp;apos;10.13.6&amp;apos;, java.version: &amp;apos;1.8.0_201&amp;apos;
Driver info: io.appium.java_client.android.AndroidDriver
Capabilities {app: /Users/rajeshchaudhary/Docu..., appActivity: in.okcredit.app.ui.launcher..., appPackage: in.okcredit.merchant, automationName: UiAutomator2, databaseEnabled: false, desired: {app: /Users/rajeshchaudhary/Docu..., appActivity: in.okcredit.app.ui.launcher..., appPackage: in.okcredit.merchant, automationName: UiAutomator2, deviceName: emulator-5554, platformName: android, platformVersion: 8.1.0, resetKeyboard: true, unicodeKeyboard: true}, deviceApiLevel: 27, deviceManufacturer: Google, deviceModel: Android SDK built for x86, deviceName: emulator-5556, deviceScreenDensity: 420, deviceScreenSize: 1080x1920, deviceUDID: emulator-5556, javascriptEnabled: true, locationContextEnabled: false, networkConnectionEnabled: true, pixelRatio: 2.625, platform: LINUX, platformName: android, platformVersion: 8.1.0, resetKeyboard: true, statBarHeight: 63, takesScreenshot: true, unicodeKeyboard: true, viewportRect: {height: 1731, left: 0, top: 63, width: 1080}, warnings: {}, webStorageEnabled: false}
Session ID: 86e70a96-effa-4623-941f-8e853f4dc058">
      <![CDATA[org.openqa.selenium.NoSuchSessionException: A session is either terminated or not started
Build info: version: '3.141.59', revision: 'e82be7d358', time: '2018-11-14T08:17:03'
System info: host: 'Rajeshs-MacBook-Pro.local', ip: 'fe80:0:0:0:141e:5fc4:4689:6d78%en0', os.name: 'Mac OS X', os.arch: 'x86_64', os.version: '10.13.6', java.version: '1.8.0_201'
Driver info: io.appium.java_client.android.AndroidDriver
Capabilities {app: /Users/rajeshchaudhary/Docu..., appActivity: in.okcredit.app.ui.launcher..., appPackage: in.okcredit.merchant, automationName: UiAutomator2, databaseEnabled: false, desired: {app: /Users/rajeshchaudhary/Docu..., appActivity: in.okcredit.app.ui.launcher..., appPackage: in.okcredit.merchant, automationName: UiAutomator2, deviceName: emulator-5554, platformName: android, platformVersion: 8.1.0, resetKeyboard: true, unicodeKeyboard: true}, deviceApiLevel: 27, deviceManufacturer: Google, deviceModel: Android SDK built for x86, deviceName: emulator-5556, deviceScreenDensity: 420, deviceScreenSize: 1080x1920, deviceUDID: emulator-5556, javascriptEnabled: true, locationContextEnabled: false, networkConnectionEnabled: true, pixelRatio: 2.625, platform: LINUX, platformName: android, platformVersion: 8.1.0, resetKeyboard: true, statBarHeight: 63, takesScreenshot: true, unicodeKeyboard: true, viewportRect: {height: 1731, left: 0, top: 63, width: 1080}, warnings: {}, webStorageEnabled: false}
Session ID: 86e70a96-effa-4623-941f-8e853f4dc058
at org.openqa.selenium.remote.http.W3CHttpResponseCodec.createException(W3CHttpResponseCodec.java:187)
at org.openqa.selenium.remote.http.W3CHttpResponseCodec.decode(W3CHttpResponseCodec.java:122)
at org.openqa.selenium.remote.http.W3CHttpResponseCodec.decode(W3CHttpResponseCodec.java:49)
at org.openqa.selenium.remote.HttpCommandExecutor.execute(HttpCommandExecutor.java:158)
at io.appium.java_client.remote.AppiumCommandExecutor.execute(AppiumCommandExecutor.java:239)
at org.openqa.selenium.remote.RemoteWebDriver.execute(RemoteWebDriver.java:552)
at io.appium.java_client.DefaultGenericMobileDriver.execute(DefaultGenericMobileDriver.java:41)
at io.appium.java_client.AppiumDriver.execute(AppiumDriver.java:1)
at io.appium.java_client.android.AndroidDriver.execute(AndroidDriver.java:1)
at org.openqa.selenium.remote.RemoteWebElement.execute(RemoteWebElement.java:285)
at io.appium.java_client.DefaultGenericMobileElement.execute(DefaultGenericMobileElement.java:45)
at io.appium.java_client.MobileElement.execute(MobileElement.java:1)
at io.appium.java_client.android.AndroidElement.execute(AndroidElement.java:1)
at org.openqa.selenium.remote.RemoteWebElement.isDisplayed(RemoteWebElement.java:326)
at io.appium.java_client.pagefactory.ElementInterceptor.getObject(ElementInterceptor.java:40)
at io.appium.java_client.pagefactory.interceptors.InterceptorOfASingleElement.intercept(InterceptorOfASingleElement.java:60)
at io.appium.java_client.android.AndroidElement$$EnhancerByCGLIB$$b598166c.isDisplayed(<generated>)
at org.openqa.selenium.support.ui.ExpectedConditions.elementIfVisible(ExpectedConditions.java:314)
at org.openqa.selenium.support.ui.ExpectedConditions.access$000(ExpectedConditions.java:43)
at org.openqa.selenium.support.ui.ExpectedConditions$10.apply(ExpectedConditions.java:300)
at org.openqa.selenium.support.ui.ExpectedConditions$10.apply(ExpectedConditions.java:297)
at org.openqa.selenium.support.ui.ExpectedConditions$23.apply(ExpectedConditions.java:670)
at org.openqa.selenium.support.ui.ExpectedConditions$23.apply(ExpectedConditions.java:666)
at org.openqa.selenium.support.ui.FluentWait.until(FluentWait.java:249)
at core.utils.CommonActions.waiForAnElement(CommonActions.java:47)
at core.utils.CommonActions.clickElement(CommonActions.java:23)
at pages.HomePage.enterNewCustomer(HomePage.java:47)
at pages.HomePage.addNewUser(HomePage.java:53)
at HomePageTest.verifyUserIsAdded(HomePageTest.java:25)
at java.util.ArrayList.forEach(ArrayList.java:1257)
at java.util.concurrent.ThreadPoolExecutor.runWorker(ThreadPoolExecutor.java:1149)
at java.util.concurrent.ThreadPoolExecutor$Worker.run(ThreadPoolExecutor.java:624)
at java.lang.Thread.run(Thread.java:748)
... Removed 27 stack frames]]>
    </failure>
  </testcase> <!-- verifyUserIsAdded -->
  <testcase name="@BeforeSuite beforeSuite" time="0.0" classname="BaseTest">
    <ignored/>
  </testcase> <!-- @BeforeSuite beforeSuite -->
  <testcase name="@AfterSuite afterSuite" time="0.0" classname="BaseTest">
    <ignored/>
  </testcase> <!-- @AfterSuite afterSuite -->
</testsuite>
